
ROM used:   6390/24576 (26%)
            6390/24576 (26%) including unused fragments

            1.1 Average locations per line
            8.0 Average locations per statement

RAM used:   279/2048 (14%) at main() level
            313/2048 (15%) worst case

Stack used: 15 worst case (6 in main + 9 for interrupts)
Stack size: 31

Lines Stmts  %   Files
----- ----- ---  -----
  455   233  29  Lector RFID-USB.c
  775     0   0  C:\Program Files (x86)\PICC\Devices\18F2455.h
  228     0   0  C:\Program Files (x86)\PICC\Drivers\pic18_usb.h
  328     0   0  C:\Program Files (x86)\PICC\Drivers\usb_hw_layer.h
  309     0   0  usb_desc_FI.h
 1103     0   0  C:\Program Files (x86)\PICC\Drivers\usb.h
 1177   246  31  C:\Program Files (x86)\PICC\Drivers\usb.c
 1406   317  40  C:\Program Files (x86)\PICC\Drivers\pic18_usb.c
   28     0   0  C:\Program Files (x86)\PICC\Drivers\ctype.h
----- -----
 5809   796 Total

Page ROM  %  RAM   Vol Diff  Functions:
---- --- --- ---   --- ----  ----------
0     40   0    1             @delay_ms1
0     66   1    1             @PUTCHAR_1_
0     32   0    0             @const736
0     48   0    0             @const742
0     66   1    0             @const745
0     80   1    0             @const748
0     18   0    0             @const751
0     18   0    0             @const755
0     58   0    0             @const759
0     18   0    0             @const762
0     18   0    0             @const765
0     34   0    0             @const770
0     20   0    0             @const773
0     72   1    0             @const776
0     56   0    4   139  4.3  usb_kbhit
0     64   1    4   139  4.3  usb_tbe
0     36   0    1   145  3.2  usb_detach
0     34   0    0   136  2.2  usb_attach
0      6   0    0    16  1.0  usb_init_cs
0     34   0    1   367  5.2  usb_task
0    214   2    9  1092  5.4  usb_flush_in
0    160   1   10   344  6.1  usb_put_packet
0    198   2    9   914  5.0  usb_flush_out
0    194   2   12   652  5.9  usb_get_packet_buffer
0     66   1    5   154  3.9  usb_get_packet
0     70   1    6   258  4.6  usb_stall_ep
0     68   1    6   266  4.6  usb_unstall_ep
0     86   1    5   373  6.0  usb_endpoint_stalled
0     22   0    1    94  2.7  usb_set_address
0    434   3   12  1774 10.4  usb_set_configured
0     76   1    5   199  3.2  usb_disable_endpoint
0     22   0    1    99  3.0  usb_disable_endpoints
0      4   0    0    61  4.0  usb_clear_trn
0    114   1    2   662  6.8  usb_isr
0      6   0    0    43  2.0  usb_isr_sof
0     42   0    0   357  4.2  usb_isr_rst
0     32   0    0   508  4.0  usb_init_ep0_setup
0      8   0    0    74  2.8  usb_isr_uerr
0     10   0    0    82  2.8  usb_isr_uidle
0     16   0    0   102  3.3  usb_isr_activity
0     14   0    0   151  3.9  usb_isr_stall
0      6   0    1    30  1.7  usb_request_send_response
0      4   0    0    22  1.2  usb_request_stall
0    202   2    2  3177  9.3  usb_isr_tok_dne
0      8   0    0    29  1.9  usb_enumerated
0     40   0    3   255  4.0  usb_token_reset
0     86   1    3   274  5.9  usb_endpoint_is_valid
0     24   0    1   158  3.1  usb_isr_tok_in_dne
0      6   0    1    53  1.9  usb_isr_tok_out_dne
0     50   0    0   375  6.4  usb_isr_tok_setup_dne
0    170   1    0  1454  8.3  usb_isr_tkn_setup_StandardDevice
0    158   1    3   995  7.8  usb_isr_tkn_setup_StandardInterface
0     94   1    0   753  5.8  usb_isr_tkn_setup_StandardEndpoint
0     12   0    0   105  3.8  usb_isr_tkn_setup_ClassInterface
0    314   2    1  1492  8.8  usb_Get_Descriptor
0     14   0    0    76  1.8  usb_finish_set_address
0    170   1    4   694  6.8  usb_copy_desc_seg_to_ep
0     34   0    0             @goto11662
0     18   0    0    82  2.8  int_timer1_handler
0     48   0    2   197  4.0  int_ext_handler
0     50   0    2   197  4.0  int_ext1_handler
0     30   0    0    74  2.3  usb_rx_task
0     52   0    2   302  3.7  RestartRx
0    352   3    2  1210  7.7  Wiegand34ToSerial
0     32   0    5             @MUL1616
0     36   0    0             @const1012
0     30   0    3             @PSTRINGCN_634
0     62   0    2             @PRINTF_X_634
0   1116   9    1  6754  8.4  Convierte_a_USBHID
0     40   0    0             @const1019
0      8   0    0             @const1021
0     32   0    2             @PSTRINGC_634
0     12   0    0             @const1023
0     48   0    1   190  3.5  receive_code
0    162   1    1   336  2.7  MAIN
0     14   0    0             @const1028
 Inline         0             @cinit1

Program metrics:
    Functions               52
    Statements              796
    Comments                2449
    Volume (V)              50008
    Difficulty (D)          238.2
    Effort to implement (E) 11913581
    Time to implement (T)   183 hours, 51 minutes
    Est Delivered Bugs (B)  17
    Cyclomatic Complexity   145
    Maintainability (MI)    44

 Segment     Used  Free
-----------  ----  ----
00000-00002     4  0  
00004-00006     4  0  
00008-000B8   178  0  
000BA-05FFE  6204  18186  



